# 三角洲交易平台 - 技术决策记录
# Technical Decision Log
# 负责人：孔明（首席工程师）

================================================================================
## ADR-001: MVP技术栈选型
日期: 2024-03-16
状态: ✅ 已实施

### 背景
需要快速交付三角洲行动道具交易平台MVP

### 决策
- 前端：纯HTML/CSS/JS，无框架依赖
- 数据：JSON静态文件（guns_data.json, protect_data.json）
- 部署：GitHub Pages（静态托管）
- 样式：自研Design System（design-system.css + components.css）

### 理由
- 零服务器成本，符合$50/人/年约束
- 快速迭代，无构建流程
- 便于后期迁移到任何框架

### 影响
- 无用户登录态持久化（MVP可接受）
- 无实时交易功能（需后端支持）

================================================================================
## ADR-002: 品牌更新策略
日期: 2024-03-16
状态: ✅ 已实施

### 背景
品牌从"Delta Trade"更新为"三角洲交易"，使用BUFF官方logo

### 决策
- 导航栏双logo方案：.logo-dark（深色主题）/ .logo-light（浅色主题）
- 通过CSS媒体查询自动切换
- 本地存储深色logo副本（images/buff-logo-dark.png）

### 理由
- 浅色背景下BUFF原版logo不可见
- CSS方案无JS开销，性能最优

================================================================================
## ADR-003: 道具租赁功能实现方案
日期: 2024-03-16
状态: ✅ 已实施

### 背景
参考悠悠有品"租饰品"功能，为三角洲交易增加差异化竞争力

### 决策
- 前端Tab切换：购买模式 ↔ 租赁模式
- 租金计算：日租金 = 市场价 × 0.001（每天约0.1%）
- 视觉：绿色"可租"标签 + "/天起"价格后缀
- MVP范围：仅展示功能，无实际交易

### 理由
- 零后端开发成本
- 验证用户对租赁功能的兴趣
- 后期可扩展为完整租赁系统

### 数据结构预留
```json
{
  "rental": {
    "enabled": true,
    "minDays": 1,
    "maxDays": 30,
    "deposit": 0.2,  // 押金比例
    "dailyRate": 0.001
  }
}
```

================================================================================
## ADR-004: 安全架构规划（Day 1）
日期: 2024-03-16
状态: 📋 规划中

### 背景
约束要求：沙箱隔离 + Prompt防火墙必须 Day 1 就有

### 决策
MVP阶段安全措施：
1. 沙箱隔离：纯静态页面，无用户输入执行风险
2. Prompt防火墙：N/A（无AI功能）
3. XSS防护：所有用户输入通过textContent而非innerHTML
4. CSRF：N/A（无表单提交到后端）

### 后期扩展计划
- 引入后端时启用CSP头
- 用户评论功能启用时添加内容过滤
- AI助手功能启用时添加Prompt防火墙

================================================================================
## ADR-005: 磨损度系统设计
日期: 2024-03-16
状态: ✅ 已实施

### 背景
参考CS2饰品磨损度系统，为三角洲交易添加装备品质展示

### 决策
磨损等级定义：
- 0.00-0.07: 崭新出厂 (#22c55e)
- 0.07-0.15: 略有磨损 (#84cc16)
- 0.15-0.38: 久经沙场 (#eab308)
- 0.38-0.45: 破损不堪 (#f97316)
- 0.45-1.00: 战痕累累 (#ef4444)

### 技术实现
- 前端随机生成磨损值（MVP阶段）
- 可视化渐变进度条 + 指示器
- 后期可从商品数据JSON中读取真实磨损值

================================================================================
## ADR-006: 求购功能设计
日期: 2024-03-16
状态: ✅ 已实施

### 背景
参考BUFF求购功能，实现双向市场

### 决策
- 市场页面新增"求购"Tab
- 求购卡片展示：道具名称、磨损要求、出价、买家信息
- MVP阶段为静态数据展示

### 数据结构
- itemName: 道具名称
- maxWear: 磨损要求上限
- offerPrice: 出价金额
- buyer: 买家名称

================================================================================
## ADR-007: 移动端响应式策略
日期: 2024-03-16
状态: ✅ 已实施

### 断点定义
- 1024px: 平板横屏
- 768px: 平板竖屏/大手机
- 480px: 小屏手机

### 关键调整
- 768px以下隐藏桌面导航，显示汉堡菜单
- 侧边栏在移动端隐藏
- 卡片网格降为单列
- 导航品牌文字在移动端隐藏

================================================================================
## ADR-008: 资讯板块架构
日期: 2024-03-16
状态: ✅ 已实施

### 内容分类
- 版本更新 (tag-update)
- 限时活动 (tag-event)
- 游戏攻略 (tag-guide)
- 社区/电竞 (tag-community)

### 布局
- 2:1 双栏布局（主内容 + 侧边栏）
- 移动端降为单栏

================================================================================